Start testing: Jun 04 12:54 MSK
----------------------------------------------------------
1/1 Testing: check
1/1 Test: check
Command: "/home/user/Skvortsovvv/workspace/homework/homework_lab05/lab05/_build/check"
Directory: /home/user/Skvortsovvv/workspace/homework/homework_lab05/lab05/_build
"check" start time: Jun 04 12:54 MSK
Output:
----------------------------------------------------------
Running main() from /home/user/Skvortsovvv/workspace/homework/homework_lab05/lab05/third-party/gtest/googletest/src/gtest_main.cc
[==========] Running 5 tests from 2 test suites.
[----------] Global test environment set-up.
[----------] 4 tests from Account
[ RUN      ] Account.GetBalance
[       OK ] Account.GetBalance (0 ms)
[ RUN      ] Account.ChangeBalance
[       OK ] Account.ChangeBalance (0 ms)
[ RUN      ] Account.Lock
[       OK ] Account.Lock (0 ms)
[ RUN      ] Account.Unlock
[       OK ] Account.Unlock (1 ms)
[----------] 4 tests from Account (1 ms total)

[----------] 1 test from Transaction
[ RUN      ] Transaction.SaveToDataBase
[       OK ] Transaction.SaveToDataBase (0 ms)
[----------] 1 test from Transaction (0 ms total)

[----------] Global test environment tear-down
[==========] 5 tests from 2 test suites ran. (1 ms total)
[  PASSED  ] 5 tests.
<end of output>
Test time =   0.02 sec
----------------------------------------------------------
Test Passed.
"check" end time: Jun 04 12:54 MSK
"check" time elapsed: 00:00:00
----------------------------------------------------------

End testing: Jun 04 12:54 MSK
