Start testing: Jun 04 10:48 MSK
----------------------------------------------------------
1/1 Testing: check
1/1 Test: check
Command: "/home/user/Skvortsovvv/workspace/homework/homework_lab05/lab05/_build/check"
Directory: /home/user/Skvortsovvv/workspace/homework/homework_lab05/lab05/_build
"check" start time: Jun 04 10:48 MSK
Output:
----------------------------------------------------------
Running main() from /home/user/Skvortsovvv/workspace/homework/homework_lab05/lab05/third-party/gtest/googletest/src/gtest_main.cc
[==========] Running 0 tests from 0 test cases.
[==========] 0 tests from 0 test cases ran. (1 ms total)
[  PASSED  ] 0 tests.
<end of output>
Test time =   0.03 sec
----------------------------------------------------------
Test Passed.
"check" end time: Jun 04 10:48 MSK
"check" time elapsed: 00:00:00
----------------------------------------------------------

End testing: Jun 04 10:48 MSK
